237 3 78
---------------------------------
0   0   0   26   21   11   8   2   1   4   3   0   0   0   0   1   1   1   1   0   0   0   0   0   0   0   1   0   0   1  
Cluster_Coeff:      0.499340438403
AVG_Shortest_Path:  2.67268894911
Giant_Component:    1.0
Diameter:           5
Densification:	   82	237
375 7 123
---------------------------------
0   0   2   49   32   7   9   4   5   2   3   4   1   4   1   0   0   0   0   1   1   0   0   1   1   0   1   0   0   0   0   0   1  
Cluster_Coeff:      0.475352516057
AVG_Shortest_Path:  2.91000484496
Giant_Component:    1.0
Diameter:           5
Densification:	   129	375
582 18 190
---------------------------------
0   0   1   82   32   27   14   9   6   3   4   0   3   2   1   2   1   2   1   1   1   1   1   0   0   0   2   0   0   1   0   0   0   0   0   0   0   0   0   0   0   0   0   0   0   0   0   0   0   0   0   0   0   0   1  
Cluster_Coeff:      0.47020119083
AVG_Shortest_Path:  3.08024406502
Giant_Component:    1.0
Diameter:           6
Densification:	   198	582
878 40 284
---------------------------------
0   0   0   122   66   23   22   15   5   8   2   3   5   3   4   2   1   1   2   1   3   1   0   0   0   0   0   0   1   0   0   0   0   0   1   0   1   0   0   0   0   0   1   0   0   0   0   0   0   0   0   0   0   1   0   0   1  
Cluster_Coeff:      0.456399010997
AVG_Shortest_Path:  3.1757408048
Giant_Component:    1.0
Diameter:           6
Densification:	   295	875
1313 89 423
---------------------------------
0   0   0   192   82   45   29   23   11   9   12   3   4   3   2   3   4   4   2   0   1   0   2   0   2   0   0   0   1   1   0   0   1   0   0   1   0   0   0   0   0   0   0   0   0   0   0   0   0   0   0   0   0   0   0   0   0   0   0   0   0   0   0   0   2   0   0   1   0   0   0   0   0   0   0   0   0   0   0   0   0   1  
Cluster_Coeff:      0.463946715279
AVG_Shortest_Path:  3.2749123892
Giant_Component:    1.0
Diameter:           6
Densification:	   441	1313
1964 199 631
---------------------------------
0   0   0   258   135   83   47   16   26   23   11   13   4   4   3   4   2   4   0   1   3   3   1   3   0   0   0   4   2   0   0   1   0   0   1   1   0   0   0   0   0   0   0   0   0   0   0   0   0   0   0   0   0   0   0   0   0   0   0   0   0   0   0   0   0   0   0   0   0   0   0   1   0   1   0   0   0   0   0   0   0   0   0   0   0   0   0   0   0   1   0   0   0   0   0   0   0   0   0   1  
Cluster_Coeff:      0.454234812273
AVG_Shortest_Path:  3.5224969373
Giant_Component:    1.0
Diameter:           7
Densification:	   657	1961
2910 435 933
---------------------------------
0   0   8   394   203   79   75   50   40   21   12   15   10   15   6   6   1   4   4   2   3   3   0   1   1   3   2   0   0   1   1   0   0   0   2   0   0   0   2   1   2   0   0   0   0   0   0   0   0   0   0   0   0   0   0   0   1   0   0   0   0   0   0   0   0   0   0   0   0   0   0   0   0   0   1   0   0   0   0   0   0   0   0   0   0   0   0   0   0   0   0   0   0   0   0   0   0   0   0   0   0   0   0   0   0   0   0   0   0   0   0   0   0   0   0   0   0   0   0   0   0   0   0   0   0   0   0   0   0   0   0   0   0   0   0   0   0   0   0   0   0   0   0   0   0   0   0   0   0   1   0   0   0   0   0   0   0   0   0   0   0   0   0   0   0   0   0   0   0   0   0   0   0   0   0   0   1  
Cluster_Coeff:      0.466334565036
AVG_Shortest_Path:  3.55679658552
Giant_Component:    1.0
Diameter:           7
Densification:	   971	2878
4290 946 1376
---------------------[?1049h[?1h=[?12;25h[?12l[?25h[27m[m[H[2J[?25l[1;1H[33m  1 [m[35mimport[m sys
[33m  2 [m[35mimport[m networkx [33mas[m nx
[33m  3 [m[35mimport[m random
[33m  4 [m[35mfrom[m networkx [35mimport[m *
[33m  5 [m[35mimport[m hw1_tools [33mas[m tl
[33m  6 [m[35mimport[m evaluation [33mas[m eva
[33m  7 [m[35mimport[m math
[33m  8 
  9 [m[31m"""Edge linking probabilities"""[m
[33m 10 [mneighbor_prob = [31m0.8[m
[33m 11 
 12 def[m [36mmain[m (argv=[36mNone[m):
[33m 13 [m    [34m#init with 50 random nodes[m
[33m 14 [m    [31m"""[m
[33m 15 [m[31m    pl_graph = nx.Graph()[m
[33m 16 [m[31m    for i in range(50):[m
[33m 17 [m[31m        pl_graph.add_node(i)[m
[33m 18 [m[31m    """[m
[33m 19 [m    [34m#pl_graph = powerlaw_cluster_graph(100, 1, 0);[m
[33m 20 [m    pl_graph = empty_graph([31m50[m)
[33m 21 
 22 [m    [31m"""[m
[33m 23 [m[31m    print tl.giant_CC(pl_graph)[m
[33m 24 [m[31m    print tl.giant_CC(pl_graph)[m
[33m 25 [m[31m    print number_of_edges(pl_graph)[m
[33m 26 [m[31m    """[m
[33m 27 
 28 [m    [34m#Read birth rate and death rate data from file[m
[33m 29 [m    birth_rate = readBirthRateData()
[33m 30 [m    death_rate = readDeathRateData()
[33m 31 [m    nodes_dict = {}
[33m 32 
 33 [m    [34m#initialize Adam and Eve's start time[m
[33m 34 [m    [33mfor[m i [33min[m [36mrange[m([31m50[m):
[33m 35 [m[7C nodes_dict[i] = {[31m'start'[m:[31m0[m,[31m'age'[m:[31m0[m}
[33m 36 
 37 [m    iteration=[31m0[m;
[33m 38 [m    killed=[31m0[m
[33m 39 [m    borned=[31m0[m
[33m 40 
 41 [m    [33mwhile[m (pl_graph.number_of_nodes() > [31m0[m [33mand[m pl_graph.number_of_nodes() < [31m10000[m):
[33m 42 [m[7C iteration += [31m1[m
[33m 43 
 44 [m[7C [31m'''THE BORN STEP'''[m
[33m 45 [m[7C [34m#randomly choose number of nodes to add[m
[33m 46 [m[7C num_nodes = pl_graph.number_of_nodes()
[33m 47 
 48 [m[7C now_birth_rate = [31m0[m
[33m 49 [m[7C [33mif[m num_nodes <=[31m2500[m: [34m# Baby Boom[m
[33m 50 [m[11C now_birth_rate = birth_rate[[31m'boom'[m]
[33m 51 [m[7C [33melif[m num_nodes <=[31m5000[m: [34m# Baby Boom[m
[33m 52 [m[11C now_birth_rate = birth_rate[[31m'top'[m]-[36mfloat[m(birth_rate[[31m'top'[m]-birth_rate[[31m'boom'[m])*([36mfloat[m([31m5000[m-num_nodes)/[36mfloat[m([31m2500[m))
[33m 53 [m[7C [33melif[m num_nodes <=[31m7500[m: [34m# Baby Boom[m
[33m 54 [m[11C now_birth_rate = birth_rate[[31m'trans'[m]+[36mfloat[m(birth_rate[[31m'top'[m]-birth_rate[[31m'trans'[m])*([36mfloat[m([31m7500[m-num_nodes)/[36mfloat[m([31m2500[m))
[33m 55 [m[7C [33melse[m:[14C [34m# Aging[m
[33m 56 [m[11C now_birth_rate = birth_rate[[31m'aging'[m]+[36mfloat[m(birth_rate[[31m'trans'[m]-birth_rate[[31m'aging'[m])*([36mfloat[m([31m10000[m-num_nodes)/[36mfloat[m([31m2500[m))
[33m 57 
 58 [m[7C [34m#print birth_rate['boom'],birth_rate['top'],birth_rate['trans'],birth_rate['aging'][m
[33m 59 [m[7C [34m#print now_birth_rate[m
[33m 60 
 61 [m[7C born_count = num_nodes * now_birth_rate[62;220H1,1[11CTop[1;5H[?12l[?25h[62;220H[K[62;1H
[32mW11: Warning: File "gen_pwlaw_graph.py" has changed since editing started[m
[32mSee ":help W11" for more info.[m
[32m[O]K, (L)oad File: [m[?1l>[?1049lVim: Caught deadly signal HUP
Vim: Finished.
[62;1H   0   0   0   0   0   0   0   0   0   1   0   1   0   0   0   0   0   0   0   0   0   0   0   0   0   0   0   0   1   0   0   0   0   0   0   0   0   0   0   0   0   0   0   0   1   0   0   0   0   0   0   0   0   0   0   0   0   0   0   0   0   1   0   0   0   0   0   0   0   0   0   0   0   0   0   0   0   0   0   0   0   0   0   0   0   0   1   0   0   1   0   0   0   0   0   0   0   0   0   0   0   0   0   0   0   0   0   0   0   0   0   0   0   0   0   0   0   0   0   0   0   0   0   0   0   0   0   0   0   0   0   0   0   0   0   0   0   0   0   0   0   0   0   0   0   0   0   0   0   0   0   0   0   0   0   0   0   0   0   0   0   0   0   0   0   0   0   0   0   0   0   0   0   0   0   0   1  
Cluster_Coeff:      0.442496972018
AVG_Shortest_Path:  4.34179642239
Giant_Component:    1.0
Diameter:           8
Densification:	   4526	13475
19619 20047 6332
---------------------------------
0   0   34   2598   1323   742   456   295   227   143   113   99   65   53   51   37   34   33   23   16   18   18   10   8   6   12   4   6   8   6   5   6   5   5   5   2   3   2   3   2   3   2   2   2   4   1   3   3   0   0   0   1   2   0   0   1   1   1   0   0   0   1   0   1   1   2   0   0   0   0   1   0   1   0   0   0   0   1   0   1   0   1   0   1   0   0   0   0   0   0   1   0   0   0   0   0   0   0   0   0   0   0   0   0   1   0   0   1   0   0   0   0   0   0   0   0   0   0   0   0   1   0   0   0   0   0   0   0   1   0   0   0   0   0   0   0   0   0   0   0   0   0   0   0   0   0   0   0   1   1   0   0   0   0   0   0   0   0   0   0   0   1   1   0   1   0   0   0   0   0   0   0   0   0   0   0   0   0   0   0   0   0   0   0   0   0   0   0   0   0   0   0   0   0   0   0   0   0   0   0   0   0   0   1   0   0   0   0   0   0   0   0   0   0   0   0   0   0   0   0   0   0   0   0   0   0   0   0   0   0   0   0   0   0   0   0   0   0   0   0   0   0   0   0   0   1   0   0   0   0   0   0   0   0   0   0   0   0   0   0   0   0   0   0   0   0   0   0   0   0   0   0   0   0   0   0   0   0   0   0   0   0   0   0   0   0   0   0   0   0   0   0   0   0   0   0   0   0   0   0   0   0   0   0   0   0   0   0   0   0   0   1   0   0   0   0   0   0   0   0   0   0   0   0   0   0   0   0   0   0   0   1   0   0   0   0   0   0   0   0   0   0   0   0   0   0   0   1  
Cluster_Coeff:      0.44634593188
AVG_Shortest_Path:  4.22676896233
Giant_Component:    1.0
Diameter:           8
Densification:	   6528	19909
24579 32152 8019
---------------------------------
0   0   61   2692   1549   1057   653   444   323   253   178   139   107   75   78   53   55   35   26   33   25   34   17   19   20   11   10   8   12   10   4   8   6   7   5   4   6   7   6   5   7   3   6   5   2   2   1   1   4   3   1   0   4   6   0   1   0   1   3   4   4   0   2   0   1   1   0   2   1   2   2   3   0   2   1   0   1   0   0   0   2   0   0   1   1   0   0   2   1   1   1   4   0   1   0   2   0   0   0   0   0   0   0   1   0   0   0   2   0   1   1   1   0   0   0   0   1   0   0   0   0   0   0   0   0   1   0   0   0   0   0   1   1   0   0   1   0   0   1   0   0   1   1   0   0   0   0   0   1   2   0   0   0   0   1   0   1   0   0   0   0   0   0   0   0   0   0   0   0   2   0   0   1   0   0   0   0   0   0   1   0   0   0   0   0   0   0   0   0   0   0   0   0   0   0   0   0   0   0   0   0   0   0   1   0   0   0   0   0   0   0   0   0   0   0   0   0   1   0   0   0   0   0   0   0   0   0   0   0   0   0   0   0   0   0   0   0   1   0   0   0   0   0   0   0   0   0   0   1   0   0   0   0   0   0   0   0   0   0   0   0   0   0   0   0   0   0   0   0   0   0   0   0   0   0   0   0   0   1   0   0   0   0   0   0   0   0   0   0   0   0   0   0   0   0   0   0   0   0   0   0   0   0   0   0   0   0   0   0   0   0   0   0   0   0   0   0   0   0   0   0   0   0   0   0   0   0   0   0   0   0   0   0   0   0   0   0   0   0   0   0   0   0   0   0   0   0   0   0   0   0   0   0   0   0   0   0   0   0   0   0   0   0   0   0   0   0   0   0   0   0   0   0   0   0   0   0   0   1   0   0   0   0   0   1   0   0   0   0   0   0   0   0   0   0   0   0   0   0   0   0   0   0   0   0   0   0   0   0   0   0   0   0   0   0   0   0   0   0   1   0   0   0   0   0   0   0   0   0   0   0   0   0   0   0   0   0   0   0   0   0   0   0   0   0   0   0   0   0   1   0   0   0   0   0   0   0   0   0   0   0   0   0   0   0   0   0   0   0   1   0   0   0   0   0   0   0   0   0   0   0   0   1   0   0   0   0   0   0   0   0   0   0   0   0   0   0   0   0   0   0   0   0   0   0   0   0   0   0   0   0   0   0   0   0   0   0   0   0   0   0   0   0   0   0   0   0   0   0   0   0   0   0   0   0   0   0   0   0   0   0   0   0   0   0   0   0   0   0   0   0   0   0   0   0   0   0   0   0   0   0   0   0   0   0   0   0   0   0   0   0   0   0   0   0   0   0   0   0   0   0   0   0   0   0   0   0   0   0   0   0   0   0   0   0   0   0   0   0   0   0   0   0   0   2   0   0   0   0   0   0   0   0   0   0   0   0   0   0   0   0   0   0   0   0   0   0   0   0   0   0   0   0   0   0   0   0   0   0   0   0   0   0   0   0   0   0   0   0   0   0   0   0   0   0   0   0   0   0   0   0   0   0   0   0   0   0   0   0   0   0   0   0   0   0   0   0   0   0   0   1   0   0   0   0   0   0   0   0   0   0   0   0   0   0   0   0   0   0   0   0   0   0   0   0   0   0   0   0   0   0   0   0   0   0   0   0   0   0   0   0   0   0   0   0   0   0   0   0   0   0   0   0   0   0   0   0   0   0   0   0   0   0   0   0   0   0   0   0   0   0   0   0   0   0   0   0   0   0   0   0   0   0   0   0   0   0   0   0   0   0   0   0   0   0   0   0   0   0   0   0   0   0   0   0   0   0   0   0   0   0   0   0   0   0   0   0   0   0   0   0   0   0   0   0   0   0   0   0   0   0   0   0   0   0   0   0   0   0   0   0   0   0   0   0   0   0   0   0   0   0   1  
Cluster_Coeff:      0.44174145542
AVG_Shortest_Path:  3.55113429442
Giant_Component:    1.0
Diameter:           8
Densification:	   8165	31291
28608 43926 9373
---------------------------------
0   1   62   2715   1812   1194   766   571   435   325   260   172   146   110   86   88   76   53   43   39   46   35   32   29   23   20   22   14   11   26   10   8   16   7   7   10   13   8   5   7   7   3   7   3   5   3   7   6   5   5   2   5   6   2   0   4   1   2   3   5   2   4   3   2   1   3   2   2   0   2   3   1   2   2   3   0   1   1   1   3   1   2   2   2   2   1   0   1   1   0   1   0   0   1   0   2   2   0   1   1   1   1   0   1   1   2   0   0   1   2   0   2   2   0   0   0   0   0   0   0   0   0   0   1   1   1   1   0   0   0   0   1   0   1   0   0   1   0   0   0   1   0   0   1   0   2   1   0   1   0   0   0   1   0   0   0   0   0   1   0   0   0   1   1   1   0   0   0   1   0   0   0   0   0   1   1   0   0   0   0   0   0   0   0   0   0   0   0   0   0   0   0   2   0   0   0   0   0   0   0   0   0   0   0   1   0   0   1   0   1   0   0   0   0   0   1   0   0   0   0   0   1   0   0   0   0   0   0   0   1   0   1   0   0   0   0   0   1   0   0   0   0   0   0   0   0   0   0   0   0   0   0   1   0   0   0   0   0   0   0   0   0   0   0   0   0   0   1   0   0   0   0   0   1   0   0   0   0   0   0   0   0   0   0   0   0   0   0   0   1   0   1   0   0   0   0   0   0   0   0   0   0   0   0   1   0   0   0   0   1   0   0   0   0   0   0   0   0   0   0   0   0   0   0   0   0   0   0   0   0   0   0   0   0   0   0   0   0   0   0   0   0   0   0   0   0   0   0   0   0   0   1   0   0   0   0   0   0   0   0   0   0   0   0   0   0   0   0   0   0   0   0   0   0   0   0   1   0   0   0   0   0   0   0   0   0   0   0   0   0   0   0   0   0   0   0   0   0   0   0   0   0   0   0   0   0   0   0   0   0   0   0   0   0   0   0   0   0   0   0   0   0   0   0   0   0   0   0   0   0   0   0   0   0   0   0   0   0   0   0   0   0   0   0   0   0   1   0   0   0   0   0   0   0   0   0   0   0   0   0   0   0   0   0   0   0   0   0   0   0   0   0   0   0   0   0   0   0   0   0   0   0   0   0   1   0   0   0   0   0   0   0   0   0   0   0   0   0   0   0   0   0   0   0   0   0   0   0   0   0   0   0   0   0   0   0   0   0   0   0   0   0   0   0   0   0   0   0   0   1   0   0   0   0   0   0   0   0   0   0   0   0   0   0   0   0   0   0   0   0   0   0   0   0   0   0   0   0   0   0   0   0   0   0   0   0   0   0   0   0   0   0   0   0   0   0   0   0   0   0   0   0   0   0   0   0   0   0   0   0   0   0   0   0   0   0   0   0   0   0   0   0   0   0   0   0   0   0   0   0   0   0   0   0   0   0   0   0   0   0   0   0   0   0   0   0   0   0   0   0   0   0   0   0   0   0   0   0   0   0   0   0   0   0   0   0   0   0   0   0   0   0   0   0   0   0   0   0   0   0   0   0   0   0   0   0   0   0   0   0   0   0   0   0   0   0   0   0   0   0   0   0   0   0   0   0   0   0   0   0   0   0   0   0   0   0   0   0   0   0   0   0   0   0   0   0   0   0   1   0   0   0   0   0   0   0   0   0   0   0   0   0   0   0   0   0   0   0   0   0   0   0   0   0   0   0   0   0   0   0   0   0   0   0   0   0   0   0   0   0   0   0   0   0   0   0   0   0   0   0   0   0   0   0   0   0   0   0   0   0   0   0   0   0   0   0   0   0   0   0   0   0   0   0   0   0   0   0   0   0   0   0   0   0   0   0   0   0   0   0   0   0   0   0   0   0   0   0   0   0   0   0   0   0   0   0   0   0   0   0   0   0   0   0   0   0   0   0   0   0   0   0   0   0   0   0   0   0   0   0   0   0   0   0   0   0   0   0   0   0   0   0   0   0   0   0   0   0   0   0   0   0   0   0   0   0   0   0   0   0   0   0   0   0   0   0   0   0   0   0   0   0   0   0   0   0   0   0   0   0   0   0   0   0   0   0   0   0   0   0   0   0   0   0   0   0   0   0   0   0   0   0   0   0   0   0   0   0   0   0   0   0   0   0   0   0   0   0   0   0   0   0   0   0   0   0   0   0   0   0   0   0   0   0   0   0   0   0   0   0   1   0   0   0   0   0   0   0   0   0   0   0   0   0   0   0   0   0   0   0   0   0   0   0   0   0   0   0   0   0   0   0   0   0   0   0   0   0   0   0   0   0   0   0   0   0   0   0   0   0   0   0   0   0   0   0   0   0   0   0   0   0   0   0   0   0   0   0   0   0   0   0   0   0   0   0   0   0   0   0   0   0   0   0   0   0   0   0   0   0   0   0   0   0   0   0   0   0   0   0   0   0   0   0   0   0   0   0   0   0   0   0   0   0   0   0   0   0   0   0   0   0   0   0   0   0   0   0   0   0   0   0   0   0   0   0   0   0   0   0   0   0   0   0   0   0   0   0   0   0   0   0   0   0   0   0   0   0   0   0   0   0   0   0   0   0   0   0   0   0   0   0   0   0   0   0   0   0   0   0   0   0   0   0   0   0   0   0   0   0   0   0   0   0   0   0   0   0   0   0   0   0   0   0   0   0   0   0   0   0   0   0   0   0   0   0   0   0   0   0   0   0   0   0   0   0   0   0   0   0   0   0   0   0   0   0   0   0   0   0   0   0   0   0   0   0   0   0   0   0   0   0   0   0   0   0   0   0   0   0   0   0   0   0   0   0   0   0   0   0   0   0   0   0   0   0   0   0   0   0   0   0   0   0   0   0   0   0   0   0   0   0   0   0   0   0   0   0   0   0   0   0   0   0   1   0   0   0   0   0   0   0   0   0   0   0   0   0   0   0   0   0   0   0   0   0   0   0   0   0   0   0   0   0   0   0   0   0   0   0   0   0   0   0   0   0   0   0   0   0   0   0   0   0   0   0   0   0   0   0   0   0   0   0   0   0   0   0   0   0   0   0   0   0   0   0   0   0   0   0   0   0   0   0   0   0   0   0   0   0   0   0   0   0   0   0   0   0   0   0   0   0   0   0   0   0   0   0   0   0   0   0   0   0   0   0   0   0   0   0   0   0   0   0   0   0   0   0   0   0   0   0   0   0   0   0   0   0   0   0   0   0   0   0   0   0   0   0   0   0   0   0   0   0   0   0   0   0   0   0   0   0   0   0   0   0   0   0   0   0   0   0   0   0   0   0   0   0   0   0   0   1   0   0   0   0   0   0   0   0   0   0   0   0   0   0   0   0   0   0   0   0   0   0   0   0   0   0   0   0   0   0   0   0   0   0   0   0   0   0   0   0   0   0   0   0   0   0   0   0   0   0   0   0   0   0   0   0   0   0   0   0   0   0   0   0   0   0   0   0   0   0   0   0   0   0   0   0   0   0   0   0   0   0   0   0   0   0   0   0   0   0   0   0   0   0   0   0   0   0   0   0   0   0   0   0   0   0   0   0   0   0   0   0   0   0   0   0   0   0   0   0   0   0   0   0   0   0   0   0   0   0   0   0   0   0   0   0   0   0   0   0   0   0   0   0   0   0   0   0   0   0   0   0   0   0   0   0   0   0   0   0   0   0   0   0   0   0   0   0   0   0   0   0   0   0   0   0   0   0   0   0   0   0   0   0   0   0   0   0   0   0   0   0   0   0   0   0   0   0   0   0   0   0   0   0   0   0   0   0   0   0   0   0   0   0   0   0   0   0   0   0   0   0   0   0   0   0   0   0   0   0   0   0   0   0   0   0   0   0   0   0   0   0   0   0   0   0   0   0   0   0   0   0   0   0   0   0   0   0   0   0   0   0   0   0   0   0   0   0   0   0   0   0   0   0   0   0   0   0   0   0   0   0   0   0   0   0   0   0   0   0   0   0   0   0   0   0   0   0   0   0   0   0   1  
Cluster_Coeff:      0.437661777674
AVG_Shortest_Path:  3.32169907328
Giant_Component:    1.0
Diameter:           7
Densification:	   9503	42316
30055 48619 9861
30407 49800 9980
47771
10082
{0: 0.0456989247311828, 1: 0.0017921146953405018, 2: 0.0035842293906810036, 3: 0.005376344086021506, 4: 0.004480286738351254, 5: 0.0017921146953405018, 7: 0.0008960573476702509, 8: 0.0017921146953405018, 10: 0.0008960573476702509, 12: 0.0008960573476702509, 13: 0.004480286738351254, 14: 0.0017921146953405018, 15: 0.0035842293906810036, 16: 0.0035842293906810036, 17: 0.004480286738351254, 18: 0.004480286738351254, 19: 0.004480286738351254, 20: 0.0008960573476702509, 21: 0.0062724014336917565, 22: 0.004480286738351254, 23: 0.0062724014336917565, 24: 0.0062724014336917565, 25: 0.007168458781362007, 26: 0.0062724014336917565, 27: 0.002688172043010753, 28: 0.0035842293906810036, 29: 0.005376344086021506, 30: 0.0035842293906810036, 31: 0.0062724014336917565, 32: 0.007168458781362007, 33: 0.00985663082437276, 34: 0.007168458781362007, 35: 0.007168458781362007, 36: 0.005376344086021506, 37: 0.010752688172043012, 38: 0.00985663082437276, 39: 0.004480286738351254, 40: 0.0062724014336917565, 41: 0.0062724014336917565, 42: 0.007168458781362007, 43: 0.0062724014336917565, 44: 0.008064516129032258, 45: 0.00985663082437276, 46: 0.0062724014336917565, 47: 0.012544802867383513, 48: 0.008960573476702509, 49: 0.007168458781362007, 50: 0.011648745519713262, 51: 0.0062724014336917565, 52: 0.005376344086021506, 53: 0.0062724014336917565, 54: 0.008064516129032258, 55: 0.013440860215053764, 56: 0.008960573476702509, 57: 0.013440860215053764, 58: 0.015232974910394265, 59: 0.025089605734767026, 60: 0.017921146953405017, 61: 0.014336917562724014, 62: 0.008960573476702509, 63: 0.015232974910394265, 64: 0.01971326164874552, 65: 0.015232974910394265, 66: 0.012544802867383513, 67: 0.017921146953405017, 68: 0.021505376344086023, 69: 0.01971326164874552, 70: 0.01971326164874552, 71: 0.024193548387096774, 72: 0.02060931899641577, 73: 0.017025089605734768, 74: 0.02867383512544803, 75: 0.021505376344086023, 76: 0.01881720430107527, 77: 0.01881720430107527, 78: 0.014336917562724014, 79: 0.027777777777777776, 80: 0.024193548387096774, 81: 0.021505376344086023, 82: 0.010752688172043012, 83: 0.02060931899641577, 84: 0.01881720430107527, 85: 0.017025089605734768, 86: 0.017025089605734768, 87: 0.01881720430107527, 88: 0.010752688172043012, 89: 0.011648745519713262, 90: 0.010752688172043012, 91: 0.005376344086021506, 92: 0.005376344086021506, 93: 0.004480286738351254, 94: 0.0035842293906810036, 95: 0.005376344086021506, 96: 0.0017921146953405018, 97: 0.0035842293906810036, 98: 0.0017921146953405018, 99: 0.004480286738351254}
life time
0.0456989247312 	0.00179211469534 	0.00358422939068 	0.00537634408602 	0.00448028673835 	0.00179211469534 	0.00089605734767 	0.00179211469534 	0.00089605734767 	0.00089605734767 	0.00448028673835 	0.00179211469534 	0.00358422939068 	0.00358422939068 	0.00448028673835 	0.00448028673835 	0.00448028673835 	0.00089605734767 	0.00627240143369 	0.00448028673835 	0.00627240143369 	0.00627240143369 	0.00716845878136 	0.00627240143369 	0.00268817204301 	0.00358422939068 	0.00537634408602 	0.00358422939068 	0.00627240143369 	0.00716845878136 	0.00985663082437 	0.00716845878136 	0.00716845878136 	0.00537634408602 	0.010752688172 	0.00985663082437 	0.00448028673835 	0.00627240143369 	0.00627240143369 	0.00716845878136 	0.00627240143369 	0.00806451612903 	0.00985663082437 	0.00627240143369 	0.0125448028674 	0.0089605734767 	0.00716845878136 	0.0116487455197 	0.00627240143369 	0.00537634408602 	0.00627240143369 	0.00806451612903 	0.0134408602151 	0.0089605734767 	0.0134408602151 	0.0152329749104 	0.0250896057348 	0.0179211469534 	0.0143369175627 	0.0089605734767 	0.0152329749104 	0.0197132616487 	0.0152329749104 	0.0125448028674 	0.0179211469534 	0.0215053763441 	0.0197132616487 	0.0197132616487 	0.0241935483871 	0.0206093189964 	0.0170250896057 	0.0286738351254 	0.0215053763441 	0.0188172043011 	0.0188172043011 	0.0143369175627 	0.0277777777778 	0.0241935483871 	0.0215053763441 	0.010752688172 	0.0206093189964 	0.0188172043011 	0.0170250896057 	0.0170250896057 	0.0188172043011 	0.010752688172 	0.0116487455197 	0.010752688172 	0.00537634408602 	0.00537634408602 	0.00448028673835 	0.00358422939068 	0.00537634408602 	0.00179211469534 	0.00358422939068 	0.00179211469534 	0.00448028673835 	

age dist
0.0153739337433 	0.0157706804206 	0.0159690537592 	0.0159690537592 	0.0162666137671 	0.0163658004364 	0.0163658004364 	0.0166633604444 	0.0166633604444 	0.016861733783 	0.0170601071216 	0.0171592937909 	0.0172584804602 	0.0174568537988 	0.0171592937909 	0.0170601071216 	0.0171592937909 	0.0173576671295 	0.0173576671295 	0.0178536004761 	0.0183495338227 	0.0190438405078 	0.0195397738544 	0.019738147193 	0.0202340805396 	0.0204324538782 	0.0208292005554 	0.0212259472327 	0.0211267605634 	0.0217218805793 	0.0212259472327 	0.0218210672486 	0.0208292005554 	0.020035707201 	0.0190438405078 	0.0179527871454 	0.0174568537988 	0.016861733783 	0.0156714937512 	0.0151755604047 	0.0145804403888 	0.0140845070423 	0.0131918270184 	0.0128942670105 	0.012100773656 	0.0120015869867 	0.0113072803015 	0.0110097202936 	0.00972029359254 	0.0103154136084 	0.00932354691529 	0.00892680023805 	0.0085300535608 	0.00843086689149 	0.00753818686768 	0.00704225352113 	0.00714144019044 	0.00724062685975 	0.0068438801825 	0.00664550684388 	0.00575282682008 	0.00545526681214 	0.00585201348939 	0.00476096012696 	0.00416584011109 	0.00466177345765 	0.00376909343384 	0.00416584011109 	0.00327316008728 	0.00277722674073 	0.00347153342591 	0.00327316008728 	0.00307478674866 	0.00307478674866 	0.00277722674073 	0.00188454671692 	0.00208292005554 	0.00208292005554 	0.00138861337036 	0.00148780003967 	0.000991866693116 	0.000793493354493 	0.000991866693116 	0.000991866693116 	0.000694306685182 	0.000892680023805 	9.91866693116e-05 	0.000495933346558 	0.000495933346558 	0.000396746677247 	0.000396746677247 	0.000198373338623 	0.000198373338623 	0.000297560007935 	0.000198373338623 	9.91866693116e-05 	9.91866693116e-05 	9.91866693116e-05 	