iteration 1
iteration 2
iteration 3
iteration 4
iteration 5
iteration 6
iteration 7
iteration 8
iteration 9
iteration 10
iteration 11
iteration 12
iteration 13
iteration 14
iteration 15
iteration 16
iteration 17
iteration 18
iteration 19
iteration 20
iteration 21
iteration 22
iteration 23
iteration 24
iteration 25
iteration 26
iteration 27
iteration 28
iteration 29
iteration 30
iteration 31
iteration 32
iteration 33
iteration 34
iteration 35
iteration 36
iteration 37
iteration 38
iteration 39
iteration 40
iteration 41
iteration 42
iteration 43
iteration 44
iteration 45
iteration 46
iteration 47
iteration 48
iteration 49
iteration 50
iteration 51
iteration 52
iteration 53
iteration 54
iteration 55
iteration 56
iteration 57
iteration 58
iteration 59
iteration 60
iteration 61
iteration 62
iteration 63
iteration 64
iteration 65
iteration 66
iteration 67
iteration 68
iteration 69
iteration 70
iteration 71
iteration 72
iteration 73
iteration 74
iteration 75
iteration 76
iteration 77
iteration 78
iteration 79
iteration 80
iteration 81
iteration 82
iteration 83
iteration 84
iteration 85
iteration 86
iteration 87
iteration 88
iteration 89
iteration 90
iteration 91
iteration 92
iteration 93
iteration 94
iteration 95
iteration 96
iteration 97
iteration 98
iteration 99
iteration 100
iter: 49, borned: 3305, killed: 238, total:3117
iteration 101
iteration 102
iteration 103
iteration 104
iteration 105
iteration 106
iteration 107
iteration 108
iteration 109
iteration 110
iteration 111
iteration 112
iteration 113
iteration 114
iteration 115
iteration 116
iteration 117
iteration 118
iteration 119
iteration 120
iteration 121
iteration 122
iteration 123
iteration 124
iteration 125
iteration 126
iteration 127
iteration 128
iteration 129
24356 31561 7945
iteration 130
24804 32764 8095
iteration 131
25239 33957 8241
iteration 132
25672 35162 8386
iteration 133
26113 36414 8534
iteration 134
26565 37714 8685
iteration 135
26964 38896 8820
iteration 136
27356 40069 8952
iteration 137
27739 41223 9080
iteration 138
28121 42402 9209
iteration 139
28546 43729 9352
iteration 140
28942 44982 9485
iteration 141
29294 46118 9604
iteration 142
29648 47278 9724
iteration 143
30022 48511 9850
iteration 144
30349 49610 9961
48946
10086
{0: 0.041015625, 1: 0.005859375, 2: 0.001953125, 3: 0.00390625, 4: 0.0029296875, 5: 0.0048828125, 7: 0.0009765625, 8: 0.001953125, 9: 0.001953125, 12: 0.0009765625, 13: 0.0009765625, 14: 0.0029296875, 15: 0.005859375, 16: 0.009765625, 17: 0.00390625, 18: 0.005859375, 19: 0.005859375, 20: 0.00390625, 21: 0.005859375, 22: 0.0068359375, 23: 0.0029296875, 24: 0.0068359375, 25: 0.005859375, 26: 0.0029296875, 27: 0.00390625, 28: 0.0029296875, 29: 0.001953125, 30: 0.005859375, 31: 0.0068359375, 32: 0.0029296875, 33: 0.0029296875, 34: 0.0029296875, 35: 0.0048828125, 36: 0.0048828125, 37: 0.0087890625, 38: 0.0078125, 39: 0.0087890625, 40: 0.0078125, 41: 0.0078125, 42: 0.0029296875, 43: 0.0048828125, 44: 0.005859375, 45: 0.009765625, 46: 0.005859375, 47: 0.0068359375, 48: 0.0107421875, 49: 0.01171875, 50: 0.0068359375, 51: 0.0078125, 52: 0.0166015625, 53: 0.009765625, 54: 0.009765625, 55: 0.01171875, 56: 0.013671875, 57: 0.0185546875, 58: 0.01171875, 59: 0.01171875, 60: 0.009765625, 61: 0.0087890625, 62: 0.021484375, 63: 0.0146484375, 64: 0.017578125, 65: 0.0185546875, 66: 0.0224609375, 67: 0.0126953125, 68: 0.0224609375, 69: 0.025390625, 70: 0.0146484375, 71: 0.0166015625, 72: 0.0205078125, 73: 0.0263671875, 74: 0.0263671875, 75: 0.017578125, 76: 0.0146484375, 77: 0.015625, 78: 0.0263671875, 79: 0.0244140625, 80: 0.0283203125, 81: 0.013671875, 82: 0.0146484375, 83: 0.021484375, 84: 0.017578125, 85: 0.0146484375, 86: 0.0146484375, 87: 0.015625, 88: 0.0146484375, 89: 0.0068359375, 90: 0.009765625, 91: 0.009765625, 92: 0.01171875, 93: 0.005859375, 94: 0.0078125, 95: 0.0048828125, 96: 0.0048828125, 97: 0.001953125, 98: 0.0029296875, 99: 0.0068359375}
life time
0.041015625 	0.005859375 	0.001953125 	0.00390625 	0.0029296875 	0.0048828125 	0.0009765625 	0.001953125 	0.001953125 	0.0009765625 	0.0009765625 	0.0029296875 	0.005859375 	0.009765625 	0.00390625 	0.005859375 	0.005859375 	0.00390625 	0.005859375 	0.0068359375 	0.0029296875 	0.0068359375 	0.005859375 	0.0029296875 	0.00390625 	0.0029296875 	0.001953125 	0.005859375 	0.0068359375 	0.0029296875 	0.0029296875 	0.0029296875 	0.0048828125 	0.0048828125 	0.0087890625 	0.0078125 	0.0087890625 	0.0078125 	0.0078125 	0.0029296875 	0.0048828125 	0.005859375 	0.009765625 	0.005859375 	0.0068359375 	0.0107421875 	0.01171875 	0.0068359375 	0.0078125 	0.0166015625 	0.009765625 	0.009765625 	0.01171875 	0.013671875 	0.0185546875 	0.01171875 	0.01171875 	0.009765625 	0.0087890625 	0.021484375 	0.0146484375 	0.017578125 	0.0185546875 	0.0224609375 	0.0126953125 	0.0224609375 	0.025390625 	0.0146484375 	0.0166015625 	0.0205078125 	0.0263671875 	0.0263671875 	0.017578125 	0.0146484375 	0.015625 	0.0263671875 	0.0244140625 	0.0283203125 	0.013671875 	0.0146484375 	0.021484375 	0.017578125 	0.0146484375 	0.0146484375 	0.015625 	0.0146484375 	0.0068359375 	0.009765625 	0.009765625 	0.01171875 	0.005859375 	0.0078125 	0.0048828125 	0.0048828125 	0.001953125 	0.0029296875 	0.0068359375 	

age dist
0.015665278604 	0.015665278604 	0.0158635732699 	0.0162601626016 	0.0162601626016 	0.0165576046004 	0.0166567519334 	0.0168550465992 	0.0167558992663 	0.0166567519334 	0.0167558992663 	0.017251635931 	0.0171524885981 	0.0173507832639 	0.0174499305969 	0.0174499305969 	0.0173507832639 	0.0173507832639 	0.0170533412651 	0.0180448145945 	0.018738845925 	0.0191354352568 	0.0195320245885 	0.0201269085862 	0.0202260559191 	0.0206226452508 	0.0210192345826 	0.0212175292485 	0.0213166765814 	0.0213166765814 	0.0214158239143 	0.0217132659131 	0.0205234979179 	0.0199286139203 	0.0185405512592 	0.0178465199286 	0.0175490779298 	0.0168550465992 	0.0155661312711 	0.0153678366052 	0.0148720999405 	0.0137814792782 	0.0129883006147 	0.0119968272853 	0.0120959746183 	0.0116993852865 	0.0114019432877 	0.010906206623 	0.0100138806266 	0.00951814396193 	0.00882411263137 	0.0086258179655 	0.00813008130081 	0.007832639302 	0.00793178663494 	0.00773349196907 	0.00713860797145 	0.00654372397383 	0.00575054531033 	0.00644457664089 	0.00614713464208 	0.00575054531033 	0.00525480864565 	0.00515566131271 	0.00495736664684 	0.00456077731509 	0.00426333531628 	0.00396589331747 	0.00406504065041 	0.00356930398572 	0.00327186198691 	0.0029744199881 	0.00327186198691 	0.00178465199286 	0.00247868332342 	0.00218124132461 	0.00237953599048 	0.00168550465992 	0.00168550465992 	0.00178465199286 	0.000991473329367 	0.00138806266111 	0.00158635732699 	0.000892325996431 	0.000991473329367 	0.000892325996431 	0.000495736664684 	0.000694031330557 	0.00029744199881 	0.000396589331747 	0.000198294665873 	0.000396589331747 	9.91473329367e-05 	9.91473329367e-05 	0.000198294665873 	